==================== 2026-03-13T18:18:09.749920Z | 8bf1a2cd-a471-4359-96ca-3f4d39ff3849 ====================
18:18:09.750881 [info ]: Starting dbt LSP server
18:18:09.750940 [info ]: Connecting to LSP client on port 8000
18:18:09.751378 [info ]: Successfully connected to LSP client
18:18:09.751387 [info ]: Creating LSP service...
18:18:09.795729 [info ]: Creating LSP server...
18:18:09.795749 [info ]: Starting LSP server...
18:18:13.157376 [info ]: Started loading project
18:18:13.158755 [info ]: Finished loading project [  0.00s]
18:20:30.603976 [info ]: Waiting for lease on 'dbt_packages' directory
18:20:31.131846 [info ]: Started loading project
18:20:31.132580 [info ]: Finished loading project [  0.00s]
18:20:53.864333 [info ]: Started loading project
18:20:53.864559 [info ]: Finished loading project [  0.00s]
18:20:54.239255 [info ]: Waiting for lease on 'dbt_packages' directory
18:20:54.470928 [info ]: Started loading project
18:20:54.472333 [info ]: Finished loading project [  0.00s]
18:26:01.839916 [info ]: Started loading project
18:26:01.844699 [info ]: Finished loading project [  0.00s]
18:26:02.084749 [info ]: Waiting for lease on 'dbt_packages' directory
18:26:02.307026 [info ]: Started loading project
18:26:02.307199 [info ]: Finished loading project [  0.00s]
18:26:24.314698 [info ]: Started loading project
18:26:24.315036 [info ]: Finished loading project [  0.00s]
18:26:24.675313 [info ]: Waiting for lease on 'dbt_packages' directory
18:26:24.895025 [info ]: Started loading project
18:26:24.895492 [info ]: Finished loading project [  0.00s]
